<AspExpr>
  <AspAndTest>
    <AspNotTest>
      <AspComparison>
        <AspTerm>
          <AspFactor>
            <AspPrimary>
              <AspAtom>
                <AspInteger>
                </AspInteger>
              </AspAtom>
            </AspPrimary>
          </AspFactor>
          <AspTermOpr>
          </AspTermOpr>
          <AspFactor>
            <AspPrimary>
              <AspAtom>
                <AspInteger>
                </AspInteger>
              </AspAtom>
            </AspPrimary>
          </AspFactor>
        </AspTerm>
      </AspComparison>
    </AspNotTest>
  </AspAndTest>
</AspExpr>
<AspExpr>
  <AspAndTest>
    <AspNotTest>
      <AspComparison>
        <AspTerm>
          <AspFactor>
            <AspPrimary>
              <AspAtom>
                <AspInteger>
                </AspInteger>
              </AspAtom>
            </AspPrimary>
          </AspFactor>
          <AspTermOpr>
          </AspTermOpr>
          <AspFactor>
            <AspPrimary>
              <AspAtom>
                <AspInteger>
                </AspInteger>
              </AspAtom>
            </AspPrimary>
          </AspFactor>
        </AspTerm>
      </AspComparison>
    </AspNotTest>
  </AspAndTest>
</AspExpr>
<AspExpr>
  <AspAndTest>
    <AspNotTest>
      <AspComparison>
        <AspTerm>
          <AspFactor>
            <AspPrimary>
              <AspAtom>
                <AspInteger>
                </AspInteger>
              </AspAtom>
            </AspPrimary>
          </AspFactor>
          <AspTermOpr>
          </AspTermOpr>
          <AspFactor>
            <AspPrimary>
              <AspAtom>
                <AspInteger>
                </AspInteger>
              </AspAtom>
            </AspPrimary>
          </AspFactor>
          <AspTermOpr>
          </AspTermOpr>
          <AspFactor>
            <AspPrimary>
              <AspAtom>
                <AspInteger>
                </AspInteger>
              </AspAtom>
            </AspPrimary>
          </AspFactor>
        </AspTerm>
      </AspComparison>
    </AspNotTest>
  </AspAndTest>
</AspExpr>
<AspExpr>
  <AspAndTest>
    <AspNotTest>
      <AspComparison>
        <AspTerm>
          <AspFactor>
            <AspPrimary>
              <AspAtom>
                <AspInteger>
                </AspInteger>
              </AspAtom>
            </AspPrimary>
          </AspFactor>
          <AspTermOpr>
          </AspTermOpr>
          <AspFactor>
            <AspPrimary>
              <AspAtom>
                <AspFloat>
                </AspFloat>
              </AspAtom>
            </AspPrimary>
          </AspFactor>
        </AspTerm>
      </AspComparison>
    </AspNotTest>
  </AspAndTest>
</AspExpr>
<AspExpr>
  <AspAndTest>
    <AspNotTest>
      <AspComparison>
        <AspTerm>
          <AspFactor>
            <AspPrimary>
              <AspAtom>
                <AspInteger>
                </AspInteger>
              </AspAtom>
            </AspPrimary>
          </AspFactor>
          <AspTermOpr>
          </AspTermOpr>
          <AspFactor>
            <AspPrimary>
              <AspAtom>
                <AspFloat>
                </AspFloat>
              </AspAtom>
            </AspPrimary>
          </AspFactor>
        </AspTerm>
      </AspComparison>
    </AspNotTest>
  </AspAndTest>
</AspExpr>
<AspExpr>
  <AspAndTest>
    <AspNotTest>
      <AspComparison>
        <AspTerm>
          <AspFactor>
            <AspPrimary>
              <AspAtom>
                <AspName>
                </AspName>
              </AspAtom>
              <AspArguments>
                <AspExpr>
                  <AspAndTest>
                    <AspNotTest>
                      <AspComparison>
                        <AspTerm>
                          <AspFactor>
                            <AspPrimary>
                              <AspAtom>
                                <AspString>
                                </AspString>
                              </AspAtom>
                            </AspPrimary>
                          </AspFactor>
                        </AspTerm>
                      </AspComparison>
                    </AspNotTest>
                  </AspAndTest>
                </AspExpr>
              </AspArguments>
            </AspPrimary>
          </AspFactor>
        </AspTerm>
      </AspComparison>
    </AspNotTest>
  </AspAndTest>
</AspExpr>
<AspExpr>
  <AspAndTest>
    <AspNotTest>
      <AspComparison>
        <AspTerm>
          <AspFactor>
            <AspPrimary>
              <AspAtom>
                <AspString>
                </AspString>
              </AspAtom>
            </AspPrimary>
          </AspFactor>
        </AspTerm>
      </AspComparison>
    </AspNotTest>
  </AspAndTest>
</AspExpr>
<AspExpr>
  <AspAndTest>
    <AspNotTest>
      <AspComparison>
        <AspTerm>
          <AspFactor>
            <AspPrimary>
              <AspAtom>
                <AspString>
                </AspString>
              </AspAtom>
            </AspPrimary>
          </AspFactor>
        </AspTerm>
      </AspComparison>
    </AspNotTest>
  </AspAndTest>
</AspExpr>
<AspExpr>
  <AspAndTest>
    <AspNotTest>
      <AspComparison>
        <AspTerm>
          <AspFactor>
            <AspPrimary>
              <AspAtom>
                <AspInteger>
                </AspInteger>
              </AspAtom>
            </AspPrimary>
          </AspFactor>
          <AspTermOpr>
          </AspTermOpr>
          <AspFactor>
            <AspPrimary>
              <AspAtom>
                <AspInteger>
                </AspInteger>
              </AspAtom>
            </AspPrimary>
          </AspFactor>
        </AspTerm>
      </AspComparison>
    </AspNotTest>
  </AspAndTest>
</AspExpr>
<AspExpr>
  <AspAndTest>
    <AspNotTest>
      <AspComparison>
        <AspTerm>
          <AspFactor>
            <AspPrimary>
              <AspAtom>
                <AspInteger>
                </AspInteger>
              </AspAtom>
            </AspPrimary>
          </AspFactor>
          <AspTermOpr>
          </AspTermOpr>
          <AspFactor>
            <AspPrimary>
              <AspAtom>
                <AspInteger>
                </AspInteger>
              </AspAtom>
            </AspPrimary>
          </AspFactor>
        </AspTerm>
      </AspComparison>
    </AspNotTest>
  </AspAndTest>
</AspExpr>
<AspExpr>
  <AspAndTest>
    <AspNotTest>
      <AspComparison>
        <AspTerm>
          <AspFactor>
            <AspPrimary>
              <AspAtom>
                <AspFloat>
                </AspFloat>
              </AspAtom>
            </AspPrimary>
          </AspFactor>
          <AspTermOpr>
          </AspTermOpr>
          <AspFactor>
            <AspPrimary>
              <AspAtom>
                <AspFloat>
                </AspFloat>
              </AspAtom>
            </AspPrimary>
          </AspFactor>
        </AspTerm>
      </AspComparison>
    </AspNotTest>
  </AspAndTest>
</AspExpr>
<AspExpr>
  <AspAndTest>
    <AspNotTest>
      <AspComparison>
        <AspTerm>
          <AspFactor>
            <AspPrimary>
              <AspAtom>
                <AspInteger>
                </AspInteger>
              </AspAtom>
            </AspPrimary>
          </AspFactor>
          <AspTermOpr>
          </AspTermOpr>
          <AspFactor>
            <AspPrimary>
              <AspAtom>
                <AspInteger>
                </AspInteger>
              </AspAtom>
            </AspPrimary>
          </AspFactor>
        </AspTerm>
      </AspComparison>
    </AspNotTest>
  </AspAndTest>
</AspExpr>
<AspExpr>
  <AspAndTest>
    <AspNotTest>
      <AspComparison>
        <AspTerm>
          <AspFactor>
            <AspPrimary>
              <AspAtom>
                <AspInteger>
                </AspInteger>
              </AspAtom>
            </AspPrimary>
          </AspFactor>
          <AspTermOpr>
          </AspTermOpr>
          <AspFactor>
            <AspPrimary>
              <AspAtom>
                <AspInteger>
                </AspInteger>
              </AspAtom>
            </AspPrimary>
          </AspFactor>
        </AspTerm>
      </AspComparison>
    </AspNotTest>
  </AspAndTest>
</AspExpr>
<AspExpr>
  <AspAndTest>
    <AspNotTest>
      <AspComparison>
        <AspTerm>
          <AspFactor>
            <AspPrimary>
              <AspAtom>
                <AspFloat>
                </AspFloat>
              </AspAtom>
            </AspPrimary>
          </AspFactor>
          <AspTermOpr>
          </AspTermOpr>
          <AspFactor>
            <AspPrimary>
              <AspAtom>
                <AspFloat>
                </AspFloat>
              </AspAtom>
            </AspPrimary>
          </AspFactor>
        </AspTerm>
      </AspComparison>
    </AspNotTest>
  </AspAndTest>
</AspExpr>
